[debug] [2021-09-14T01:26:34.527Z] ----------------------------------------------------------------------
[debug] [2021-09-14T01:26:34.536Z] Command:       C:\Program Files\nodejs\node.exe C:\Users\LENOVO\AppData\Roaming\npm\node_modules\firebase-tools\lib\bin\firebase.js init
[debug] [2021-09-14T01:26:34.538Z] CLI Version:   9.18.0
[debug] [2021-09-14T01:26:34.538Z] Platform:      win32
[debug] [2021-09-14T01:26:34.539Z] Node Version:  v15.12.0
[debug] [2021-09-14T01:26:34.542Z] Time:          Tue Sep 14 2021 02:26:34 GMT+0100 (West Africa Standard Time)
[debug] [2021-09-14T01:26:34.543Z] ----------------------------------------------------------------------
[debug] 
[debug] [2021-09-14T01:26:34.812Z] > command requires scopes: ["email","openid","https://www.googleapis.com/auth/cloudplatformprojects.readonly","https://www.googleapis.com/auth/firebase","https://www.googleapis.com/auth/cloud-platform"]
[debug] [2021-09-14T01:26:34.813Z] > authorizing via signed-in user (sanistella7@gmail.com)
[info] 
     ######## #### ########  ######## ########     ###     ######  ########
     ##        ##  ##     ## ##       ##     ##  ##   ##  ##       ##
     ######    ##  ########  ######   ########  #########  ######  ######
     ##        ##  ##    ##  ##       ##     ## ##     ##       ## ##
     ##       #### ##     ## ######## ########  ##     ##  ######  ########

You're about to initialize a Firebase project in this directory:

  C:\Users\LENOVO\Desktop\mrPeter\shoppingLike

Before we get started, keep in mind:

  * You are initializing within an existing Firebase project directory

